2026-07-08 13:36:23.257 [main] WARN  org.hibernate.orm.deprecation - HHH90000025: MySQLDialect does not need to be specified explicitly using 'hibernate.dialect' (remove the property setting and it will be selected by default)
2026-07-08 13:36:24.360 [main] DEBUG org.hibernate.SQL - alter table instructor modify column email varchar(255)
2026-07-08 13:36:24.444 [main] DEBUG org.hibernate.SQL - alter table instructor modify column first_name varchar(255)
2026-07-08 13:36:24.454 [main] DEBUG org.hibernate.SQL - alter table instructor modify column last_name varchar(255)
2026-07-08 13:36:24.464 [main] DEBUG org.hibernate.SQL - alter table instructor_detail modify column youtube_channel varchar(255)
2026-07-08 13:36:25.043 [main] WARN  o.s.b.j.a.JpaBaseConfiguration$JpaWebConfiguration - spring.jpa.open-in-view is enabled by default. Therefore, database queries may be performed during view rendering. Explicitly configure spring.jpa.open-in-view to disable this warning
2026-07-08 13:36:26.382 [main] DEBUG org.hibernate.SQL - insert into instructor (email,first_name,instructor_detail_id,last_name) values (?,?,?,?)
2026-07-08 13:36:26.384 [main] TRACE org.hibernate.orm.jdbc.bind - binding parameter (1:VARCHAR) <- [sadbinsiddique@gmail.com]
2026-07-08 13:36:26.384 [main] TRACE org.hibernate.orm.jdbc.bind - binding parameter (2:VARCHAR) <- [sad]
2026-07-08 13:36:26.384 [main] TRACE org.hibernate.orm.jdbc.bind - binding parameter (3:INTEGER) <- [null]
2026-07-08 13:36:26.384 [main] TRACE org.hibernate.orm.jdbc.bind - binding parameter (4:VARCHAR) <- [bin]
2026-07-08 13:36:26.425 [main] WARN  o.s.c.events.SpringDocAppInitializer - SpringDoc /swagger-ui.html endpoint is enabled by default. To disable it in production, set the property 'springdoc.swagger-ui.enabled=false'
2026-07-08 13:38:13.274 [main] WARN  org.hibernate.orm.deprecation - HHH90000025: MySQLDialect does not need to be specified explicitly using 'hibernate.dialect' (remove the property setting and it will be selected by default)
2026-07-08 13:38:14.757 [main] WARN  o.s.b.j.a.JpaBaseConfiguration$JpaWebConfiguration - spring.jpa.open-in-view is enabled by default. Therefore, database queries may be performed during view rendering. Explicitly configure spring.jpa.open-in-view to disable this warning
2026-07-08 13:38:16.002 [main] DEBUG org.hibernate.SQL - insert into instructor (email,first_name,instructor_detail_id,last_name) values (?,?,?,?)
2026-07-08 13:38:16.004 [main] TRACE org.hibernate.orm.jdbc.bind - binding parameter (1:VARCHAR) <- [sadbinsiddique@gmail.com]
2026-07-08 13:38:16.004 [main] TRACE org.hibernate.orm.jdbc.bind - binding parameter (2:VARCHAR) <- [sad]
2026-07-08 13:38:16.004 [main] TRACE org.hibernate.orm.jdbc.bind - binding parameter (3:INTEGER) <- [null]
2026-07-08 13:38:16.004 [main] TRACE org.hibernate.orm.jdbc.bind - binding parameter (4:VARCHAR) <- [bin]
2026-07-08 13:38:16.035 [main] WARN  o.s.c.events.SpringDocAppInitializer - SpringDoc /swagger-ui.html endpoint is enabled by default. To disable it in production, set the property 'springdoc.swagger-ui.enabled=false'
2026-07-08 13:57:48.241 [main] WARN  org.hibernate.orm.deprecation - HHH90000025: MySQLDialect does not need to be specified explicitly using 'hibernate.dialect' (remove the property setting and it will be selected by default)
2026-07-08 13:57:49.611 [main] WARN  o.s.b.j.a.JpaBaseConfiguration$JpaWebConfiguration - spring.jpa.open-in-view is enabled by default. Therefore, database queries may be performed during view rendering. Explicitly configure spring.jpa.open-in-view to disable this warning
2026-07-08 13:57:50.623 [main] DEBUG org.hibernate.SQL - insert into instructor_detail (age,youtube_channel) values (?,?)
2026-07-08 13:57:50.624 [main] TRACE org.hibernate.orm.jdbc.bind - binding parameter (1:INTEGER) <- [36]
2026-07-08 13:57:50.624 [main] TRACE org.hibernate.orm.jdbc.bind - binding parameter (2:VARCHAR) <- [dad@gmail.com]
2026-07-08 13:57:50.640 [main] DEBUG org.hibernate.SQL - insert into instructor (email,first_name,instructor_detail_id,last_name) values (?,?,?,?)
2026-07-08 13:57:50.640 [main] TRACE org.hibernate.orm.jdbc.bind - binding parameter (1:VARCHAR) <- [sadbinsiddique@gmail.com]
2026-07-08 13:57:50.640 [main] TRACE org.hibernate.orm.jdbc.bind - binding parameter (2:VARCHAR) <- [sad]
2026-07-08 13:57:50.640 [main] TRACE org.hibernate.orm.jdbc.bind - binding parameter (3:INTEGER) <- [1]
2026-07-08 13:57:50.640 [main] TRACE org.hibernate.orm.jdbc.bind - binding parameter (4:VARCHAR) <- [bin siddique]
2026-07-08 13:57:50.655 [main] WARN  o.s.c.events.SpringDocAppInitializer - SpringDoc /swagger-ui.html endpoint is enabled by default. To disable it in production, set the property 'springdoc.swagger-ui.enabled=false'
